#
# A fatal error has been detected by the Java Runtime Environment:
#
#  SIGSEGV (0xb) at pc=0x00000001117eeaa0, pid=84847, tid=53295
#
# JRE version: Java(TM) SE Runtime Environment (8.0_60-b27) (build 1.8.0_60-b27)
# Java VM: Java HotSpot(TM) 64-Bit Server VM (25.60-b23 mixed mode bsd-amd64 compressed oops)
# Problematic frame:
# C  0x00000001117eeaa0
#
# Failed to write core dump. Core dumps have been disabled. To enable core dumping, try "ulimit -c unlimited" before starting Java again
#
# If you would like to submit a bug report, please visit:
#   http://bugreport.java.com/bugreport/crash.jsp
#

---------------  T H R E A D  ---------------

Current thread (0x00007fb74207e800):  JavaThread "AWT-EventQueue-0" [_thread_in_Java, id=53295, stack(0x000000018d480000,0x000000018d580000)]

siginfo: si_signo: 11 (SIGSEGV), si_code: 0 (unknown), si_addr: 0x0000000000000000

Registers:
RAX=0x0000000057cc9402, RBX=0x0000000057cc9402, RCX=0x00000007962a2ef8, RDX=0x0000000057cc9402
RSP=0x000000018d57ccd8, RBP=0x000000018d57cdd8, RSI=0x0000000796297a30, RDI=0x0000000125e879e8
R8 =0x00000007955ad1b0, R9 =0x0000000000000004, R10=0x00000001104e8100, R11=0x0000000111738bd8
R12=0x0000000000000000, R13=0x00000001117e9084, R14=0x000000018d57ccd8, R15=0x00007fb74207e800
RIP=0x00000001117eeaa0, EFLAGS=0x0000000000010212, ERR=0x0000000000000000
  TRAPNO=0x000000000000000d

Top of Stack: (sp=0x000000018d57ccd8)
0x000000018d57ccd8:   00000001117e9334 000000018e16bb28
0x000000018d57cce8:   0000000000000000 000000018d57cd10
0x000000018d57ccf8:   000000018d57cdd8 00000001118168dc
0x000000018d57cd08:   00000007962a2ef8 0000000796297a60
0x000000018d57cd18:   00000007962a2ef8 00000007955ad1b0
0x000000018d57cd28:   0000000796297a30 000000018d57cd90
0x000000018d57cd38:   0000000457cc9402 0000000000000000
0x000000018d57cd48:   000000018e16daa8 0000000796297a30
0x000000018d57cd58:   000000018d57cd70 000000018d57cdd8
0x000000018d57cd68:   00000001116079d0 00000007962a2ef8
0x000000018d57cd78:   00000001116079d0 00000007955ad1b0
0x000000018d57cd88:   00000007962a2ef8 0000000796297a30
0x000000018d57cd98:   000000018d57cd98 0000000125f28026
0x000000018d57cda8:   000000018d57ce70 000000018e17cd48
0x000000018d57cdb8:   0000000000000000 000000018e178810
0x000000018d57cdc8:   000000018d57cd80 000000018d57ce60
0x000000018d57cdd8:   000000018d57ceb8 0000000111607c4d
0x000000018d57cde8:   0000000000000001 00000007962a4ec0
0x000000018d57cdf8:   0000000796364c90 0000000796364c90
0x000000018d57ce08:   0000000000000000 0000000000000000
0x000000018d57ce18:   0000000000000000 0000000000000000
0x000000018d57ce28:   00000007962a2ef8 00000000000001d6
0x000000018d57ce38:   0000000000000001 0000000796364c70
0x000000018d57ce48:   00000007962a2ef8 0000000796364c10
0x000000018d57ce58:   0000000796364bd0 0000000796292480
0x000000018d57ce68:   0000000796364a68 0000000796297738
0x000000018d57ce78:   000000018d57ce78 000000018e16d88b
0x000000018d57ce88:   000000018d57ced8 000000018e17fe68
0x000000018d57ce98:   0000000000000000 000000018e16d8b0
0x000000018d57cea8:   000000018d57ce60 000000018d57cec8
0x000000018d57ceb8:   000000018d57cf20 0000000111607c4d
0x000000018d57cec8:   0000000796292480 0000000796364a68 

Instructions: (pc=0x00000001117eeaa0)
0x00000001117eea80:   63 00 68 00 eb 68 00 f8 05 51 bd f2 aa 28 6a 2a
0x00000001117eea90:   ea e2 a8 88 41 82 25 75 00 00 00 00 9b 00 32 05
0x00000001117eeaa0:   6c 00 64 00 69 00 74 00 61 00 6c 00 69 00 63 00
0x00000001117eeab0:   33 50 bd f2 f7 be 5b 55 01 00 00 00 41 00 00 f8 

Register to memory mapping:

RAX=0x0000000057cc9402 is an unknown value
RBX=0x0000000057cc9402 is an unknown value
RCX=0x00000007962a2ef8 is an oop
javax.swing.tree.TreePath 
 - klass: 'javax/swing/tree/TreePath'
RDX=0x0000000057cc9402 is an unknown value
RSP=0x000000018d57ccd8 is pointing into the stack for thread: 0x00007fb74207e800
RBP=0x000000018d57cdd8 is pointing into the stack for thread: 0x00007fb74207e800
RSI=0x0000000796297a30 is an oop
java.util.Hashtable 
 - klass: 'java/util/Hashtable'
RDI=0x0000000125e879e8 is pointing into metadata
R8 =0x00000007955ad1b0 is an oop
java.lang.Boolean 
 - klass: 'java/lang/Boolean'
R9 =0x0000000000000004 is an unknown value
R10=0x00000001104e8100: _ZN19TemplateInterpreter13_active_tableE+0x1800 in /Library/Java/JavaVirtualMachines/jdk1.8.0_60.jdk/Contents/Home/jre/lib/server/libjvm.dylib at 0x000000010fbfd000
R11=0x0000000111738bd8 is at entry_point+24 in (nmethod*)0x0000000111738a50
R12=0x0000000000000000 is an unknown value
R13=0x00000001117e9084 is at entry_point+548 in (nmethod*)0x00000001117e8c90
R14=0x000000018d57ccd8 is pointing into the stack for thread: 0x00007fb74207e800
R15=0x00007fb74207e800 is a thread


Stack: [0x000000018d480000,0x000000018d580000],  sp=0x000000018d57ccd8,  free space=1011k
Native frames: (J=compiled Java code, j=interpreted, Vv=VM code, C=native code)
C  0x00000001117eeaa0
j  com.apple.laf.AquaTreeUI.paint(Ljava/awt/Graphics;Ljavax/swing/JComponent;)V+3
j  javax.swing.plaf.ComponentUI.update(Ljava/awt/Graphics;Ljavax/swing/JComponent;)V+32
j  javax.swing.JComponent.paintComponent(Ljava/awt/Graphics;)V+26
j  javax.swing.JComponent.paint(Ljava/awt/Graphics;)V+286
j  javax.swing.JComponent.paintChildren(Ljava/awt/Graphics;)V+501
j  javax.swing.JComponent.paint(Ljava/awt/Graphics;)V+318
j  javax.swing.JViewport.paint(Ljava/awt/Graphics;)V+205
j  javax.swing.JComponent.paintChildren(Ljava/awt/Graphics;)V+501
j  javax.swing.JComponent.paint(Ljava/awt/Graphics;)V+318
j  javax.swing.JComponent.paintToOffscreen(Ljava/awt/Graphics;IIIIII)V+41
j  javax.swing.RepaintManager$PaintManager.paintDoubleBuffered(Ljavax/swing/JComponent;Ljava/awt/Image;Ljava/awt/Graphics;IIII)V+163
j  javax.swing.RepaintManager$PaintManager.paint(Ljavax/swing/JComponent;Ljavax/swing/JComponent;Ljava/awt/Graphics;IIII)Z+116
j  javax.swing.RepaintManager.paint(Ljavax/swing/JComponent;Ljavax/swing/JComponent;Ljava/awt/Graphics;IIII)V+51
j  javax.swing.JComponent._paintImmediately(IIII)V+683
j  javax.swing.JComponent.paintImmediately(IIII)V+138
j  javax.swing.RepaintManager$4.run()Ljava/lang/Void;+81
j  javax.swing.RepaintManager$4.run()Ljava/lang/Object;+1
v  ~StubRoutines::call_stub
V  [libjvm.dylib+0x2eab0e]
V  [libjvm.dylib+0x34afd8]
J 664  java.security.AccessController.doPrivileged(Ljava/security/PrivilegedAction;Ljava/security/AccessControlContext;)Ljava/lang/Object; (0 bytes) @ 0x0000000111874a95 [0x00000001118749c0+0xd5]
J 668 C1 java.security.ProtectionDomain$JavaSecurityAccessImpl.doIntersectionPrivilege(Ljava/security/PrivilegedAction;Ljava/security/AccessControlContext;Ljava/security/AccessControlContext;)Ljava/lang/Object; (22 bytes) @ 0x0000000111875f9c [0x0000000111875b20+0x47c]
j  javax.swing.RepaintManager.paintDirtyRegions(Ljava/util/Map;)V+154
j  javax.swing.RepaintManager.paintDirtyRegions()V+46
j  javax.swing.RepaintManager.prePaintDirtyRegions()V+73
j  javax.swing.RepaintManager.access$1200(Ljavax/swing/RepaintManager;)V+1
j  javax.swing.RepaintManager$ProcessingRunnable.run()V+37
j  java.awt.event.InvocationEvent.dispatch()V+47
j  java.awt.EventQueue.dispatchEventImpl(Ljava/awt/AWTEvent;Ljava/lang/Object;)V+21
j  java.awt.EventQueue.access$500(Ljava/awt/EventQueue;Ljava/awt/AWTEvent;Ljava/lang/Object;)V+3
j  java.awt.EventQueue$3.run()Ljava/lang/Void;+32
j  java.awt.EventQueue$3.run()Ljava/lang/Object;+1
v  ~StubRoutines::call_stub
V  [libjvm.dylib+0x2eab0e]
V  [libjvm.dylib+0x34afd8]
J 664  java.security.AccessController.doPrivileged(Ljava/security/PrivilegedAction;Ljava/security/AccessControlContext;)Ljava/lang/Object; (0 bytes) @ 0x0000000111874a95 [0x00000001118749c0+0xd5]
J 668 C1 java.security.ProtectionDomain$JavaSecurityAccessImpl.doIntersectionPrivilege(Ljava/security/PrivilegedAction;Ljava/security/AccessControlContext;Ljava/security/AccessControlContext;)Ljava/lang/Object; (22 bytes) @ 0x0000000111875f9c [0x0000000111875b20+0x47c]
j  java.awt.EventQueue.dispatchEvent(Ljava/awt/AWTEvent;)V+46
j  java.awt.EventDispatchThread.pumpOneEventForFilters(I)V+245
j  java.awt.EventDispatchThread.pumpEventsForFilter(ILjava/awt/Conditional;Ljava/awt/EventFilter;)V+35
j  java.awt.EventDispatchThread.pumpEventsForHierarchy(ILjava/awt/Conditional;Ljava/awt/Component;)V+11
j  java.awt.EventDispatchThread.pumpEvents(ILjava/awt/Conditional;)V+4
j  java.awt.EventDispatchThread.pumpEvents(Ljava/awt/Conditional;)V+3
j  java.awt.EventDispatchThread.run()V+9
v  ~StubRoutines::call_stub
V  [libjvm.dylib+0x2eab0e]
V  [libjvm.dylib+0x2eb29c]
V  [libjvm.dylib+0x2eb448]
V  [libjvm.dylib+0x345965]
V  [libjvm.dylib+0x5612d3]
V  [libjvm.dylib+0x5629ce]
V  [libjvm.dylib+0x48343a]
C  [libsystem_pthread.dylib+0x3268]  _pthread_body+0x83
C  [libsystem_pthread.dylib+0x31e5]  _pthread_body+0x0
C  [libsystem_pthread.dylib+0x141d]  thread_start+0xd
C  0x0000000000000000


---------------  P R O C E S S  ---------------

Java Threads: ( => current thread )
  0x00007fb741a51800 JavaThread "Timer-0" daemon [_thread_blocked, id=54275, stack(0x000000018e2a2000,0x000000018e3a2000)]
=>0x00007fb74207e800 JavaThread "AWT-EventQueue-0" [_thread_in_Java, id=53295, stack(0x000000018d480000,0x000000018d580000)]
  0x00007fb7419f3800 JavaThread "DestroyJavaVM" [_thread_blocked, id=3331, stack(0x0000000110b87000,0x0000000110c87000)]
  0x00007fb74197d800 JavaThread "AWT-Shutdown" [_thread_blocked, id=12039, stack(0x00000001364d1000,0x00000001365d1000)]
  0x00007fb741905000 JavaThread "Java2D Queue Flusher" daemon [_thread_blocked, id=51227, stack(0x000000012db99000,0x000000012dc99000)]
  0x00007fb742116000 JavaThread "Java2D Disposer" daemon [_thread_blocked, id=48907, stack(0x000000012d7fd000,0x000000012d8fd000)]
  0x00007fb7408f6800 JavaThread "AppKit Thread" daemon [_thread_in_native, id=1811, stack(0x00007fff4f902000,0x00007fff50102000)]
  0x00007fb742019800 JavaThread "Service Thread" daemon [_thread_blocked, id=18179, stack(0x00000001292a2000,0x00000001293a2000)]
  0x00007fb741808000 JavaThread "C1 CompilerThread2" daemon [_thread_blocked, id=17667, stack(0x000000012919f000,0x000000012929f000)]
  0x00007fb742018800 JavaThread "C2 CompilerThread1" daemon [_thread_blocked, id=17155, stack(0x000000012909c000,0x000000012919c000)]
  0x00007fb742017000 JavaThread "C2 CompilerThread0" daemon [_thread_blocked, id=16643, stack(0x0000000128f99000,0x0000000129099000)]
  0x00007fb742009800 JavaThread "Signal Dispatcher" daemon [_thread_blocked, id=13579, stack(0x0000000128e96000,0x0000000128f96000)]
  0x00007fb741805000 JavaThread "Finalizer" daemon [_thread_blocked, id=11523, stack(0x0000000127472000,0x0000000127572000)]
  0x00007fb74085a000 JavaThread "Reference Handler" daemon [_thread_blocked, id=11011, stack(0x000000012736f000,0x000000012746f000)]

Other Threads:
  0x00007fb740857800 VMThread [stack: 0x000000012726c000,0x000000012736c000] [id=10499]
  0x00007fb74200a800 WatcherThread [stack: 0x00000001293a5000,0x00000001294a5000] [id=18691]

VM state:not at safepoint (normal execution)

VM Mutex/Monitor currently owned by a thread: None

Heap:
 PSYoungGen      total 38400K, used 15316K [0x0000000795580000, 0x0000000798000000, 0x00000007c0000000)
  eden space 33280K, 46% used [0x0000000795580000,0x0000000796475000,0x0000000797600000)
  from space 5120K, 0% used [0x0000000797b00000,0x0000000797b00000,0x0000000798000000)
  to   space 5120K, 0% used [0x0000000797600000,0x0000000797600000,0x0000000797b00000)
 ParOldGen       total 87552K, used 0K [0x0000000740000000, 0x0000000745580000, 0x0000000795580000)
  object space 87552K, 0% used [0x0000000740000000,0x0000000740000000,0x0000000745580000)
 Metaspace       used 12107K, capacity 12252K, committed 12416K, reserved 1060864K
  class space    used 1541K, capacity 1605K, committed 1664K, reserved 1048576K

Card table byte_map: [0x00000001209c0000,0x0000000120dc1000] byte_map_base: 0x000000011cfc0000

Marking Bits: (ParMarkBitMap*) 0x00000001104dbe20
 Begin Bits: [0x0000000121375000, 0x0000000123375000)
 End Bits:   [0x0000000123375000, 0x0000000125375000)

Polling page: 0x0000000110ce3000

CodeCache: size=245760Kb used=2650Kb max_used=2650Kb free=243109Kb
 bounds [0x0000000111600000, 0x00000001118a0000, 0x0000000120600000]
 total_blobs=1262 nmethods=742 adapters=434
 compilation: enabled

Compilation events (10 events):
Event: 35334.526 Thread 0x00007fb741808000 nmethod 737 0x0000000111896050 code [0x00000001118961a0, 0x00000001118962b0]
Event: 35334.533 Thread 0x00007fb741808000  738       3       sun.lwawt.LWComponentPeer::getPeerTreeLock (4 bytes)
Event: 35334.533 Thread 0x00007fb741808000 nmethod 738 0x0000000111895d50 code [0x0000000111895ea0, 0x0000000111895fd0]
Event: 35334.533 Thread 0x00007fb741808000  739       3       java.awt.Container::getComponentCount (5 bytes)
Event: 35334.535 Thread 0x00007fb741808000 nmethod 739 0x0000000111895810 code [0x0000000111895980, 0x0000000111895c68]
Event: 35334.535 Thread 0x00007fb741808000  740       3       sun.java2d.SunGraphics2D::dispose (12 bytes)
Event: 35334.535 Thread 0x00007fb741808000 nmethod 740 0x0000000111896d90 code [0x0000000111896f00, 0x0000000111897128]
Event: 35334.541 Thread 0x00007fb741808000  741       3       sun.java2d.pipe.RenderQueue::ensureAlignment (28 bytes)
Event: 35334.541 Thread 0x00007fb741808000 nmethod 741 0x00000001118971d0 code [0x0000000111897340, 0x00000001118976d0]
Event: 35334.543 Thread 0x00007fb741808000  742       3       java.awt.geom.AffineTransform::<init> (69 bytes)

GC Heap History (0 events):
No events

Deoptimization events (10 events):
Event: 1.112 Thread 0x00007fb74080d800 Uncommon trap: reason=unstable_if action=reinterpret pc=0x000000011178294c method=java.lang.String.indexOf([CII[CIII)I @ 123
Event: 1.112 Thread 0x00007fb74080d800 Uncommon trap: reason=unstable_if action=reinterpret pc=0x000000011176dedc method=java.lang.String.indexOf([CII[CIII)I @ 123
Event: 1.360 Thread 0x00007fb74080d800 Uncommon trap: reason=unstable_if action=reinterpret pc=0x0000000111767e14 method=java.lang.String.lastIndexOf([CII[CIII)I @ 66
Event: 12.875 Thread 0x00007fb74207e800 Uncommon trap: reason=unstable_if action=reinterpret pc=0x0000000111810174 method=java.lang.AbstractStringBuilder.append(Ljava/lang/String;)Ljava/lang/AbstractStringBuilder; @ 1
Event: 12.889 Thread 0x00007fb74207e800 Uncommon trap: reason=unstable_if action=reinterpret pc=0x000000011180a9a8 method=java.lang.AbstractStringBuilder.append(Ljava/lang/String;)Ljava/lang/AbstractStringBuilder; @ 1
Event: 16.262 Thread 0x00007fb74207e800 Uncommon trap: reason=class_check action=maybe_recompile pc=0x00000001117acc18 method=java.lang.String.equals(Ljava/lang/Object;)Z @ 8
Event: 16.262 Thread 0x00007fb74207e800 Uncommon trap: reason=class_check action=maybe_recompile pc=0x00000001117acc18 method=java.lang.String.equals(Ljava/lang/Object;)Z @ 8
Event: 16.263 Thread 0x00007fb74207e800 Uncommon trap: reason=class_check action=maybe_recompile pc=0x00000001117acc18 method=java.lang.String.equals(Ljava/lang/Object;)Z @ 8
Event: 16.263 Thread 0x00007fb74207e800 Uncommon trap: reason=class_check action=maybe_recompile pc=0x00000001117acc18 method=java.lang.String.equals(Ljava/lang/Object;)Z @ 8
Event: 35334.511 Thread 0x00007fb741905000 Uncommon trap: reason=unstable_if action=reinterpret pc=0x000000011188a7e4 method=sun.java2d.opengl.OGLRenderQueue$QueueFlusher.run()V @ 22

Internal exceptions (10 events):
Event: 1.114 Thread 0x00007fb74080d800 Exception <a 'java/security/PrivilegedActionException'> (0x0000000795b4bf10) thrown at [/Users/java_re/workspace/8-2-build-macosx-x86_64/jdk8u60/4407/hotspot/src/share/vm/prims/jvm.cpp, line 1386]
Event: 1.114 Thread 0x00007fb74080d800 Exception <a 'java/security/PrivilegedActionException'> (0x0000000795b4c120) thrown at [/Users/java_re/workspace/8-2-build-macosx-x86_64/jdk8u60/4407/hotspot/src/share/vm/prims/jvm.cpp, line 1386]
Event: 1.115 Thread 0x00007fb74080d800 Exception <a 'java/security/PrivilegedActionException'> (0x0000000795b4f3c0) thrown at [/Users/java_re/workspace/8-2-build-macosx-x86_64/jdk8u60/4407/hotspot/src/share/vm/prims/jvm.cpp, line 1386]
Event: 1.115 Thread 0x00007fb74080d800 Exception <a 'java/security/PrivilegedActionException'> (0x0000000795b4f5d0) thrown at [/Users/java_re/workspace/8-2-build-macosx-x86_64/jdk8u60/4407/hotspot/src/share/vm/prims/jvm.cpp, line 1386]
Event: 1.404 Thread 0x00007fb74080d800 Exception <a 'java/lang/NoSuchFieldError': method resolution failed> (0x0000000795c1d7a8) thrown at [/Users/java_re/workspace/8-2-build-macosx-x86_64/jdk8u60/4407/hotspot/src/share/vm/prims/methodHandles.cpp, line 1146]
Event: 1.406 Thread 0x00007fb74080d800 Exception <a 'java/lang/NoSuchFieldError': method resolution failed> (0x0000000795c2af48) thrown at [/Users/java_re/workspace/8-2-build-macosx-x86_64/jdk8u60/4407/hotspot/src/share/vm/prims/methodHandles.cpp, line 1146]
Event: 2.804 Thread 0x00007fb74080d800 Exception <a 'java/io/FileNotFoundException'> (0x0000000795ca6430) thrown at [/Users/java_re/workspace/8-2-build-macosx-x86_64/jdk8u60/4407/hotspot/src/share/vm/prims/jni.cpp, line 709]
Event: 2.805 Thread 0x00007fb74080d800 Exception <a 'java/io/FileNotFoundException'> (0x0000000795ca6fa0) thrown at [/Users/java_re/workspace/8-2-build-macosx-x86_64/jdk8u60/4407/hotspot/src/share/vm/prims/jni.cpp, line 709]
Event: 12.875 Thread 0x00007fb74207e800 Implicit null exception at 0x000000011180fdf5 to 0x0000000111810161
Event: 12.889 Thread 0x00007fb74207e800 Implicit null exception at 0x000000011180a635 to 0x000000011180a995

Events (10 events):
Event: 16.742 loading class sun/lwawt/macosx/CCustomCursor done
Event: 26.736 loading class java/awt/LightweightDispatcher$2
Event: 26.736 loading class java/awt/LightweightDispatcher$2 done
Event: 73.056 Executing VM operation: RevokeBias
Event: 73.056 Executing VM operation: RevokeBias done
Event: 11425.407 Thread 0x00007fb741905000 DEOPT PACKING pc=0x000000011188fac4 sp=0x000000012dc98880
Event: 11425.407 Thread 0x00007fb741905000 DEOPT UNPACKING pc=0x0000000111647633 sp=0x000000012dc98648 mode 0
Event: 35334.511 Thread 0x00007fb741905000 Uncommon trap: trap_request=0xffffff65 fr.pc=0x000000011188a7e4
Event: 35334.511 Thread 0x00007fb741905000 DEOPT PACKING pc=0x000000011188a7e4 sp=0x000000012dc98920
Event: 35334.511 Thread 0x00007fb741905000 DEOPT UNPACKING pc=0x0000000111605229 sp=0x000000012dc988d0 mode 2


Dynamic libraries:
0x0000000008c22000 	/System/Library/Frameworks/Cocoa.framework/Versions/A/Cocoa
0x0000000008c22000 	/System/Library/Frameworks/Security.framework/Versions/A/Security
0x0000000008c22000 	/System/Library/Frameworks/ApplicationServices.framework/Versions/A/ApplicationServices
0x0000000008c22000 	/usr/lib/libz.1.dylib
0x0000000008c22000 	/usr/lib/libSystem.B.dylib
0x0000000008c22000 	/usr/lib/libobjc.A.dylib
0x0000000008c22000 	/System/Library/Frameworks/CoreFoundation.framework/Versions/A/CoreFoundation
0x0000000008c22000 	/System/Library/Frameworks/Foundation.framework/Versions/C/Foundation
0x0000000008c22000 	/System/Library/Frameworks/AppKit.framework/Versions/C/AppKit
0x0000000008c22000 	/System/Library/Frameworks/CoreData.framework/Versions/A/CoreData
0x0000000008c22000 	/System/Library/PrivateFrameworks/RemoteViewServices.framework/Versions/A/RemoteViewServices
0x0000000008c22000 	/System/Library/PrivateFrameworks/UIFoundation.framework/Versions/A/UIFoundation
0x0000000008c22000 	/System/Library/Frameworks/IOSurface.framework/Versions/A/IOSurface
0x0000000008c22000 	/System/Library/Frameworks/AudioToolbox.framework/Versions/A/AudioToolbox
0x0000000008c22000 	/System/Library/Frameworks/AudioUnit.framework/Versions/A/AudioUnit
0x0000000008c22000 	/System/Library/PrivateFrameworks/DataDetectorsCore.framework/Versions/A/DataDetectorsCore
0x0000000008c22000 	/System/Library/PrivateFrameworks/DesktopServicesPriv.framework/Versions/A/DesktopServicesPriv
0x0000000008c22000 	/System/Library/Frameworks/Carbon.framework/Versions/A/Frameworks/HIToolbox.framework/Versions/A/HIToolbox
0x0000000008c22000 	/System/Library/Frameworks/QuartzCore.framework/Versions/A/QuartzCore
0x0000000008c22000 	/System/Library/Frameworks/Carbon.framework/Versions/A/Frameworks/SpeechRecognition.framework/Versions/A/SpeechRecognition
0x0000000008c22000 	/usr/lib/libauto.dylib
0x0000000008c22000 	/usr/lib/libicucore.A.dylib
0x0000000008c22000 	/usr/lib/libxml2.2.dylib
0x0000000008c22000 	/System/Library/PrivateFrameworks/CoreUI.framework/Versions/A/CoreUI
0x0000000008c22000 	/System/Library/Frameworks/CoreAudio.framework/Versions/A/CoreAudio
0x0000000008c22000 	/System/Library/Frameworks/DiskArbitration.framework/Versions/A/DiskArbitration
0x0000000008c22000 	/usr/lib/liblangid.dylib
0x0000000008c22000 	/System/Library/PrivateFrameworks/MultitouchSupport.framework/Versions/A/MultitouchSupport
0x0000000008c22000 	/System/Library/Frameworks/IOKit.framework/Versions/A/IOKit
0x0000000008c22000 	/usr/lib/libDiagnosticMessagesClient.dylib
0x0000000008c22000 	/System/Library/Frameworks/CoreServices.framework/Versions/A/CoreServices
0x0000000008c22000 	/System/Library/PrivateFrameworks/PerformanceAnalysis.framework/Versions/A/PerformanceAnalysis
0x0000000008c22000 	/System/Library/PrivateFrameworks/GenerationalStorage.framework/Versions/A/GenerationalStorage
0x0000000008c22000 	/System/Library/Frameworks/OpenGL.framework/Versions/A/OpenGL
0x0000000008c22000 	/System/Library/PrivateFrameworks/Sharing.framework/Versions/A/Sharing
0x0000000008c22000 	/System/Library/Frameworks/CoreGraphics.framework/Versions/A/CoreGraphics
0x0000000008c22000 	/System/Library/Frameworks/CoreText.framework/Versions/A/CoreText
0x0000000008c22000 	/System/Library/Frameworks/ImageIO.framework/Versions/A/ImageIO
0x0000000008c22000 	/usr/lib/libextension.dylib
0x0000000008c22000 	/System/Library/PrivateFrameworks/Backup.framework/Versions/A/Backup
0x0000000008c22000 	/usr/lib/libarchive.2.dylib
0x0000000008c22000 	/System/Library/Frameworks/CFNetwork.framework/Versions/A/CFNetwork
0x0000000008c22000 	/System/Library/Frameworks/SystemConfiguration.framework/Versions/A/SystemConfiguration
0x0000000008c22000 	/usr/lib/libCRFSuite.dylib
0x0000000008c22000 	/usr/lib/libc++.1.dylib
0x0000000008c22000 	/usr/lib/libc++abi.dylib
0x0000000008c22000 	/usr/lib/system/libcache.dylib
0x0000000008c22000 	/usr/lib/system/libcommonCrypto.dylib
0x0000000008c22000 	/usr/lib/system/libcompiler_rt.dylib
0x0000000008c22000 	/usr/lib/system/libcopyfile.dylib
0x0000000008c22000 	/usr/lib/system/libcorecrypto.dylib
0x0000000008c22000 	/usr/lib/system/libdispatch.dylib
0x0000000008c22000 	/usr/lib/system/libdyld.dylib
0x0000000008c22000 	/usr/lib/system/libkeymgr.dylib
0x0000000008c22000 	/usr/lib/system/liblaunch.dylib
0x0000000008c22000 	/usr/lib/system/libmacho.dylib
0x0000000008c22000 	/usr/lib/system/libquarantine.dylib
0x0000000008c22000 	/usr/lib/system/libremovefile.dylib
0x0000000008c22000 	/usr/lib/system/libsystem_asl.dylib
0x0000000008c22000 	/usr/lib/system/libsystem_blocks.dylib
0x0000000008c22000 	/usr/lib/system/libsystem_c.dylib
0x0000000008c22000 	/usr/lib/system/libsystem_configuration.dylib
0x0000000008c22000 	/usr/lib/system/libsystem_coreservices.dylib
0x0000000008c22000 	/usr/lib/system/libsystem_coretls.dylib
0x0000000008c22000 	/usr/lib/system/libsystem_dnssd.dylib
0x0000000008c22000 	/usr/lib/system/libsystem_info.dylib
0x0000000008c22000 	/usr/lib/system/libsystem_kernel.dylib
0x0000000008c22000 	/usr/lib/system/libsystem_m.dylib
0x0000000008c22000 	/usr/lib/system/libsystem_malloc.dylib
0x0000000008c22000 	/usr/lib/system/libsystem_network.dylib
0x0000000008c22000 	/usr/lib/system/libsystem_networkextension.dylib
0x0000000008c22000 	/usr/lib/system/libsystem_notify.dylib
0x0000000008c22000 	/usr/lib/system/libsystem_platform.dylib
0x0000000008c22000 	/usr/lib/system/libsystem_pthread.dylib
0x0000000008c22000 	/usr/lib/system/libsystem_sandbox.dylib
0x0000000008c22000 	/usr/lib/system/libsystem_secinit.dylib
0x0000000008c22000 	/usr/lib/system/libsystem_stats.dylib
0x0000000008c22000 	/usr/lib/system/libsystem_trace.dylib
0x0000000008c22000 	/usr/lib/system/libunc.dylib
0x0000000008c22000 	/usr/lib/system/libunwind.dylib
0x0000000008c22000 	/usr/lib/system/libxpc.dylib
0x0000000008c22000 	/usr/lib/libbz2.1.0.dylib
0x0000000008c22000 	/usr/lib/liblzma.5.dylib
0x0000000008c22000 	/usr/lib/libbsm.0.dylib
0x0000000008c22000 	/usr/lib/libsqlite3.dylib
0x0000000008c22000 	/usr/lib/system/libkxld.dylib
0x0000000008c22000 	/usr/lib/libxar.1.dylib
0x0000000008c22000 	/usr/lib/libpam.2.dylib
0x0000000008c22000 	/usr/lib/libOpenScriptingUtil.dylib
0x0000000008c22000 	/System/Library/Frameworks/CoreServices.framework/Versions/A/Frameworks/FSEvents.framework/Versions/A/FSEvents
0x0000000008c22000 	/System/Library/Frameworks/CoreServices.framework/Versions/A/Frameworks/CarbonCore.framework/Versions/A/CarbonCore
0x0000000008c22000 	/System/Library/Frameworks/CoreServices.framework/Versions/A/Frameworks/Metadata.framework/Versions/A/Metadata
0x0000000008c22000 	/System/Library/Frameworks/CoreServices.framework/Versions/A/Frameworks/OSServices.framework/Versions/A/OSServices
0x0000000008c22000 	/System/Library/Frameworks/CoreServices.framework/Versions/A/Frameworks/SearchKit.framework/Versions/A/SearchKit
0x0000000008c22000 	/System/Library/Frameworks/CoreServices.framework/Versions/A/Frameworks/AE.framework/Versions/A/AE
0x0000000008c22000 	/System/Library/Frameworks/CoreServices.framework/Versions/A/Frameworks/LaunchServices.framework/Versions/A/LaunchServices
0x0000000008c22000 	/System/Library/Frameworks/CoreServices.framework/Versions/A/Frameworks/DictionaryServices.framework/Versions/A/DictionaryServices
0x0000000008c22000 	/System/Library/Frameworks/NetFS.framework/Versions/A/NetFS
0x0000000008c22000 	/System/Library/PrivateFrameworks/NetAuth.framework/Versions/A/NetAuth
0x0000000008c22000 	/System/Library/PrivateFrameworks/login.framework/Versions/A/Frameworks/loginsupport.framework/Versions/A/loginsupport
0x0000000008c22000 	/System/Library/PrivateFrameworks/TCC.framework/Versions/A/TCC
0x0000000008c22000 	/usr/lib/libmecabra.dylib
0x0000000008c22000 	/System/Library/Frameworks/ApplicationServices.framework/Versions/A/Frameworks/ATS.framework/Versions/A/ATS
0x0000000008c22000 	/System/Library/Frameworks/ApplicationServices.framework/Versions/A/Frameworks/ColorSync.framework/Versions/A/ColorSync
0x0000000008c22000 	/System/Library/Frameworks/ApplicationServices.framework/Versions/A/Frameworks/HIServices.framework/Versions/A/HIServices
0x0000000008c22000 	/System/Library/Frameworks/ApplicationServices.framework/Versions/A/Frameworks/LangAnalysis.framework/Versions/A/LangAnalysis
0x0000000008c22000 	/System/Library/Frameworks/ApplicationServices.framework/Versions/A/Frameworks/PrintCore.framework/Versions/A/PrintCore
0x0000000008c22000 	/System/Library/Frameworks/ApplicationServices.framework/Versions/A/Frameworks/QD.framework/Versions/A/QD
0x0000000008c22000 	/System/Library/Frameworks/ApplicationServices.framework/Versions/A/Frameworks/SpeechSynthesis.framework/Versions/A/SpeechSynthesis
0x0000000008c22000 	/System/Library/Frameworks/Accelerate.framework/Versions/A/Accelerate
0x0000000008c22000 	/System/Library/Frameworks/Accelerate.framework/Versions/A/Frameworks/vImage.framework/Versions/A/vImage
0x0000000008c22000 	/System/Library/Frameworks/Accelerate.framework/Versions/A/Frameworks/vecLib.framework/Versions/A/vecLib
0x0000000008c22000 	/System/Library/Frameworks/Accelerate.framework/Versions/A/Frameworks/vecLib.framework/Versions/A/libvDSP.dylib
0x0000000008c22000 	/System/Library/Frameworks/Accelerate.framework/Versions/A/Frameworks/vecLib.framework/Versions/A/libvMisc.dylib
0x0000000008c22000 	/System/Library/Frameworks/Accelerate.framework/Versions/A/Frameworks/vecLib.framework/Versions/A/libLAPACK.dylib
0x0000000008c22000 	/System/Library/Frameworks/Accelerate.framework/Versions/A/Frameworks/vecLib.framework/Versions/A/libBLAS.dylib
0x0000000008c22000 	/System/Library/Frameworks/Accelerate.framework/Versions/A/Frameworks/vecLib.framework/Versions/A/libLinearAlgebra.dylib
0x0000000008c22000 	/System/Library/Frameworks/ApplicationServices.framework/Versions/A/Frameworks/ATS.framework/Versions/A/Resources/libFontParser.dylib
0x0000000008c22000 	/System/Library/Frameworks/ApplicationServices.framework/Versions/A/Frameworks/ATS.framework/Versions/A/Resources/libFontRegistry.dylib
0x0000000008c22000 	/System/Library/PrivateFrameworks/AppleVPA.framework/Versions/A/AppleVPA
0x0000000008c22000 	/System/Library/PrivateFrameworks/AppleJPEG.framework/Versions/A/AppleJPEG
0x0000000008c22000 	/System/Library/Frameworks/ImageIO.framework/Versions/A/Resources/libJPEG.dylib
0x0000000008c22000 	/System/Library/Frameworks/ImageIO.framework/Versions/A/Resources/libTIFF.dylib
0x0000000008c22000 	/System/Library/Frameworks/ImageIO.framework/Versions/A/Resources/libPng.dylib
0x0000000008c22000 	/System/Library/Frameworks/ImageIO.framework/Versions/A/Resources/libGIF.dylib
0x0000000008c22000 	/System/Library/Frameworks/ImageIO.framework/Versions/A/Resources/libJP2.dylib
0x0000000008c22000 	/System/Library/Frameworks/ImageIO.framework/Versions/A/Resources/libRadiance.dylib
0x0000000008c22000 	/System/Library/Frameworks/CoreVideo.framework/Versions/A/CoreVideo
0x0000000008c22000 	/System/Library/Frameworks/OpenGL.framework/Versions/A/Libraries/libGLU.dylib
0x0000000008c22000 	/System/Library/Frameworks/OpenGL.framework/Versions/A/Libraries/libGFXShared.dylib
0x0000000008c22000 	/System/Library/Frameworks/OpenGL.framework/Versions/A/Libraries/libGL.dylib
0x0000000008c22000 	/System/Library/Frameworks/OpenGL.framework/Versions/A/Libraries/libGLImage.dylib
0x0000000008c22000 	/System/Library/Frameworks/OpenGL.framework/Versions/A/Libraries/libCVMSPluginSupport.dylib
0x0000000008c22000 	/System/Library/Frameworks/OpenGL.framework/Versions/A/Libraries/libCoreVMClient.dylib
0x0000000008c22000 	/usr/lib/libcups.2.dylib
0x0000000008c22000 	/System/Library/Frameworks/Kerberos.framework/Versions/A/Kerberos
0x0000000008c22000 	/System/Library/Frameworks/GSS.framework/Versions/A/GSS
0x0000000008c22000 	/usr/lib/libresolv.9.dylib
0x0000000008c22000 	/usr/lib/libiconv.2.dylib
0x0000000008c22000 	/System/Library/PrivateFrameworks/Heimdal.framework/Versions/A/Heimdal
0x0000000008c22000 	/usr/lib/libheimdal-asn1.dylib
0x0000000008c22000 	/System/Library/Frameworks/OpenDirectory.framework/Versions/A/OpenDirectory
0x0000000008c22000 	/System/Library/PrivateFrameworks/CommonAuth.framework/Versions/A/CommonAuth
0x0000000008c22000 	/System/Library/Frameworks/OpenDirectory.framework/Versions/A/Frameworks/CFOpenDirectory.framework/Versions/A/CFOpenDirectory
0x0000000008c22000 	/System/Library/Frameworks/SecurityFoundation.framework/Versions/A/SecurityFoundation
0x0000000008c22000 	/System/Library/PrivateFrameworks/LanguageModeling.framework/Versions/A/LanguageModeling
0x0000000008c22000 	/usr/lib/libcmph.dylib
0x0000000008c22000 	/System/Library/Frameworks/ServiceManagement.framework/Versions/A/ServiceManagement
0x0000000008c22000 	/usr/lib/libxslt.1.dylib
0x0000000008c22000 	/System/Library/Frameworks/Carbon.framework/Versions/A/Frameworks/Ink.framework/Versions/A/Ink
0x0000000008c22000 	/System/Library/Frameworks/QuartzCore.framework/Versions/A/Frameworks/CoreImage.framework/Versions/A/CoreImage
0x0000000008c22000 	/System/Library/PrivateFrameworks/CrashReporterSupport.framework/Versions/A/CrashReporterSupport
0x0000000008c22000 	/System/Library/Frameworks/OpenCL.framework/Versions/A/OpenCL
0x0000000008c22000 	/System/Library/PrivateFrameworks/FaceCore.framework/Versions/A/FaceCore
0x0000000008c22000 	/System/Library/PrivateFrameworks/Ubiquity.framework/Versions/A/Ubiquity
0x0000000008c22000 	/System/Library/PrivateFrameworks/IconServices.framework/Versions/A/IconServices
0x0000000008c22000 	/System/Library/PrivateFrameworks/ChunkingLibrary.framework/Versions/A/ChunkingLibrary
0x0000000008c22000 	/System/Library/PrivateFrameworks/Apple80211.framework/Versions/A/Apple80211
0x0000000008c22000 	/System/Library/Frameworks/CoreWLAN.framework/Versions/A/CoreWLAN
0x0000000008c22000 	/System/Library/Frameworks/IOBluetooth.framework/Versions/A/IOBluetooth
0x0000000008c22000 	/System/Library/PrivateFrameworks/CoreWiFi.framework/Versions/A/CoreWiFi
0x0000000008c22000 	/System/Library/Frameworks/CoreBluetooth.framework/Versions/A/CoreBluetooth
0x0000000008c22000 	/System/Library/PrivateFrameworks/DebugSymbols.framework/Versions/A/DebugSymbols
0x0000000008c22000 	/System/Library/PrivateFrameworks/CoreSymbolication.framework/Versions/A/CoreSymbolication
0x0000000008c22000 	/System/Library/PrivateFrameworks/Symbolication.framework/Versions/A/Symbolication
0x0000000008c22000 	/System/Library/PrivateFrameworks/SpeechRecognitionCore.framework/Versions/A/SpeechRecognitionCore
0x000000010fbfd000 	/Library/Java/JavaVirtualMachines/jdk1.8.0_60.jdk/Contents/Home/jre/lib/server/libjvm.dylib
0x0000000008c22000 	/usr/lib/libstdc++.6.dylib
0x0000000110ca0000 	/Library/Java/JavaVirtualMachines/jdk1.8.0_60.jdk/Contents/Home/jre/lib/libverify.dylib
0x0000000110cae000 	/Library/Java/JavaVirtualMachines/jdk1.8.0_60.jdk/Contents/Home/jre/lib/libjava.dylib
0x0000000110ced000 	/Library/Java/JavaVirtualMachines/jdk1.8.0_60.jdk/Contents/Home/jre/lib/libzip.dylib
0x0000000127574000 	/System/Library/Frameworks/JavaVM.framework/Frameworks/JavaRuntimeSupport.framework/JavaRuntimeSupport
0x000000012758f000 	/System/Library/Frameworks/JavaVM.framework/Versions/A/Frameworks/JavaNativeFoundation.framework/Versions/A/JavaNativeFoundation
0x00000001275a4000 	/System/Library/Frameworks/JavaVM.framework/Versions/A/JavaVM
0x0000000008c22000 	/System/Library/Frameworks/Carbon.framework/Versions/A/Carbon
0x00000001275b1000 	/System/Library/PrivateFrameworks/JavaLaunching.framework/Versions/A/JavaLaunching
0x0000000008c22000 	/System/Library/Frameworks/Carbon.framework/Versions/A/Frameworks/CommonPanels.framework/Versions/A/CommonPanels
0x0000000008c22000 	/System/Library/Frameworks/Carbon.framework/Versions/A/Frameworks/Help.framework/Versions/A/Help
0x0000000008c22000 	/System/Library/Frameworks/Carbon.framework/Versions/A/Frameworks/ImageCapture.framework/Versions/A/ImageCapture
0x0000000008c22000 	/System/Library/Frameworks/Carbon.framework/Versions/A/Frameworks/OpenScripting.framework/Versions/A/OpenScripting
0x0000000008c22000 	/System/Library/Frameworks/Carbon.framework/Versions/A/Frameworks/Print.framework/Versions/A/Print
0x0000000008c22000 	/System/Library/Frameworks/Carbon.framework/Versions/A/Frameworks/SecurityHI.framework/Versions/A/SecurityHI
0x0000000129504000 	/Library/Java/JavaVirtualMachines/jdk1.8.0_60.jdk/Contents/Home/jre/lib/libnio.dylib
0x0000000129514000 	/Library/Java/JavaVirtualMachines/jdk1.8.0_60.jdk/Contents/Home/jre/lib/./libnet.dylib
0x0000000129573000 	/Library/Java/JavaVirtualMachines/jdk1.8.0_60.jdk/Contents/Home/jre/lib/libawt.dylib
0x000000012961b000 	/Library/Java/JavaVirtualMachines/jdk1.8.0_60.jdk/Contents/Home/jre/lib/./libmlib_image.dylib
0x00000001296e7000 	/Library/Java/JavaVirtualMachines/jdk1.8.0_60.jdk/Contents/Home/jre/lib/libawt_lwawt.dylib
0x000000012979c000 	/Library/Java/JavaVirtualMachines/jdk1.8.0_60.jdk/Contents/Home/jre/lib/./libosxapp.dylib
0x0000000008c22000 	/System/Library/Frameworks/ExceptionHandling.framework/Versions/A/ExceptionHandling
0x0000000008c22000 	/System/Library/PrivateFrameworks/CoreServicesInternal.framework/Versions/A/CoreServicesInternal
0x0000000008c22000 	/System/Library/PrivateFrameworks/CloudDocs.framework/Versions/A/CloudDocs
0x0000000008c22000 	/System/Library/PrivateFrameworks/CoreDuet.framework/Versions/A/CoreDuet
0x0000000008c22000 	/System/Library/Frameworks/CloudKit.framework/Versions/A/CloudKit
0x0000000008c22000 	/System/Library/PrivateFrameworks/ProtocolBuffer.framework/Versions/A/ProtocolBuffer
0x0000000008c22000 	/System/Library/PrivateFrameworks/CoreDuetDaemonProtocol.framework/Versions/A/CoreDuetDaemonProtocol
0x0000000008c22000 	/System/Library/PrivateFrameworks/CoreDuetDebugLogging.framework/Versions/A/CoreDuetDebugLogging
0x0000000008c22000 	/System/Library/PrivateFrameworks/MMCS.framework/Versions/A/MMCS
0x0000000008c22000 	/System/Library/Frameworks/CoreLocation.framework/Versions/A/CoreLocation
0x0000000008c22000 	/System/Library/PrivateFrameworks/ProtectedCloudStorage.framework/Versions/A/ProtectedCloudStorage
0x0000000008c22000 	/System/Library/PrivateFrameworks/GeoServices.framework/Versions/A/GeoServices
0x0000000008c22000 	/System/Library/Frameworks/CoreGraphics.framework/Versions/A/Resources/libCGCMS.A.dylib
0x0000000008c22000 	/System/Library/Frameworks/CoreGraphics.framework/Versions/A/Resources/libRIP.A.dylib
0x0000000008c22000 	/System/Library/Frameworks/CoreGraphics.framework/Versions/A/Resources/libCGXType.A.dylib
0x0000000008c22000 	/System/Library/Frameworks/OpenCL.framework/Versions/A/Libraries/libcldcpuengine.dylib
0x0000000008c22000 	/System/Library/PrivateFrameworks/DiskImages.framework/Versions/A/DiskImages
0x0000000008c22000 	/System/Library/Frameworks/DiscRecording.framework/Versions/A/DiscRecording
0x0000000008c22000 	/usr/lib/libcsfde.dylib
0x0000000008c22000 	/usr/lib/libcurl.4.dylib
0x0000000008c22000 	/System/Library/PrivateFrameworks/MediaKit.framework/Versions/A/MediaKit
0x0000000008c22000 	/usr/lib/libCoreStorage.dylib
0x0000000008c22000 	/System/Library/PrivateFrameworks/EFILogin.framework/Versions/A/EFILogin
0x0000000008c22000 	/usr/lib/libutil.dylib
0x0000000008c22000 	/System/Library/PrivateFrameworks/FindMyDevice.framework/Versions/A/FindMyDevice
0x0000000008c22000 	/System/Library/Frameworks/LDAP.framework/Versions/A/LDAP
0x0000000008c22000 	/usr/lib/libsasl2.2.dylib
0x0000000008c22000 	/System/Library/PrivateFrameworks/CoreDaemon.framework/Versions/B/CoreDaemon
0x0000000008c22000 	/usr/lib/libcrypto.0.9.8.dylib
0x0000000008c22000 	/System/Library/PrivateFrameworks/AppleSRP.framework/Versions/A/AppleSRP
0x0000000008c22000 	/System/Library/PrivateFrameworks/TrustEvaluationAgent.framework/Versions/A/TrustEvaluationAgent
0x000000012c5d0000 	cl_kernels
0x000000012c5d2000 	/System/Library/Frameworks/OpenCL.framework/Versions/A/Libraries/ImageFormats/unorm8_bgra.dylib
0x000000012c5c1000 	cl_kernels
0x0000000008c22000 	/System/Library/PrivateFrameworks/FamilyControls.framework/Versions/A/FamilyControls
0x0000000008c22000 	/System/Library/PrivateFrameworks/CommerceKit.framework/Versions/A/Frameworks/CommerceCore.framework/Versions/A/CommerceCore
0x0000000008c22000 	/System/Library/PrivateFrameworks/SystemAdministration.framework/Versions/A/SystemAdministration
0x0000000008c22000 	/System/Library/PrivateFrameworks/AppContainer.framework/Versions/A/AppContainer
0x0000000008c22000 	/System/Library/PrivateFrameworks/SecCodeWrapper.framework/Versions/A/SecCodeWrapper
0x0000000008c22000 	/System/Library/Frameworks/DirectoryService.framework/Versions/A/DirectoryService
0x0000000008c22000 	/System/Library/PrivateFrameworks/LoginUIKit.framework/Versions/A/Frameworks/LoginUICore.framework/Versions/A/LoginUICore
0x0000000008c22000 	/usr/lib/libodfde.dylib
0x000000012d795000 	/Library/Java/JavaVirtualMachines/jdk1.8.0_60.jdk/Contents/Home/jre/lib/libfontmanager.dylib
0x0000000008c22000 	/System/Library/Frameworks/OpenGL.framework/Versions/A/Resources/GLEngine.bundle/GLEngine
0x0000000008c22000 	/System/Library/Frameworks/OpenGL.framework/Versions/A/Libraries/libGLProgrammability.dylib
0x0000000000000000 	/System/Library/Extensions/AppleIntelHD4000GraphicsGLDriver.bundle/Contents/MacOS/AppleIntelHD4000GraphicsGLDriver
0x0000000008c22000 	/System/Library/PrivateFrameworks/IOAccelerator.framework/Versions/A/IOAccelerator
0x0000000008c22000 	/System/Library/PrivateFrameworks/GPUSupport.framework/Versions/A/Libraries/libGPUSupportMercury.dylib
0x0000000008c22000 	/System/Library/Frameworks/OpenGL.framework/Versions/A/Resources/GLRendererFloat.bundle/GLRendererFloat
0x0000000008c22000 	/System/Library/Frameworks/ApplicationServices.framework/Versions/A/Frameworks/ATS.framework/Versions/A/Resources/libTrueTypeScaler.dylib
0x000000018d582000 	/Library/Java/JavaVirtualMachines/jdk1.8.0_60.jdk/Contents/Home/jre/lib/libosxui.dylib
0x000000018e293000 	/Library/Java/JavaVirtualMachines/jdk1.8.0_60.jdk/Contents/Home/jre/lib/libosx.dylib
0x000000019017c000 	/Library/Java/JavaVirtualMachines/jdk1.8.0_60.jdk/Contents/Home/jre/lib/libdcpr.dylib
0x0000000008c22000 	/System/Library/Frameworks/Accelerate.framework/Versions/A/Frameworks/vImage.framework/Versions/A/Libraries/libCGInterfaces.dylib

VM Arguments:
jvm_args: -ea -Dfile.encoding=UTF-8 
java_command: abc.sound.Music
java_class_path (initial): /Users/aneeshanand/Documents/6.005/aanand-leo2017-nicolelu/bin:/Applications/Eclipse.app/Contents/Eclipse/plugins/org.junit_4.12.0.v201504281640/junit.jar:/Applications/Eclipse.app/Contents/Eclipse/plugins/org.hamcrest.core_1.3.0.v201303031735.jar:/Users/aneeshanand/Documents/6.005/aanand-leo2017-nicolelu/lib/antlr.jar
Launcher Type: SUN_STANDARD

Environment Variables:
PATH=/usr/bin:/bin:/usr/sbin:/sbin
SHELL=/bin/bash
DISPLAY=/private/tmp/com.apple.launchd.fWLatyekYZ/org.macosforge.xquartz:0

Signal Handlers:
SIGSEGV: [libjvm.dylib+0x5a6d31], sa_mask[0]=11111111011111110111111111111111, sa_flags=SA_ONSTACK|SA_RESTART|SA_SIGINFO
SIGBUS: [libjvm.dylib+0x5a6d31], sa_mask[0]=11111111011111110111111111111111, sa_flags=SA_RESTART|SA_SIGINFO
SIGFPE: [libjvm.dylib+0x480a4c], sa_mask[0]=11111111011111110111111111111111, sa_flags=SA_RESTART|SA_SIGINFO
SIGPIPE: [libjvm.dylib+0x480a4c], sa_mask[0]=11111111011111110111111111111111, sa_flags=SA_RESTART|SA_SIGINFO
SIGXFSZ: [libjvm.dylib+0x480a4c], sa_mask[0]=11111111011111110111111111111111, sa_flags=SA_RESTART|SA_SIGINFO
SIGILL: [libjvm.dylib+0x480a4c], sa_mask[0]=11111111011111110111111111111111, sa_flags=SA_RESTART|SA_SIGINFO
SIGUSR1: SIG_DFL, sa_mask[0]=00000000000000000000000000000000, sa_flags=none
SIGUSR2: [libjvm.dylib+0x48056a], sa_mask[0]=00100000000000000000000000000000, sa_flags=SA_RESTART|SA_SIGINFO
SIGHUP: [libjvm.dylib+0x47eb41], sa_mask[0]=11111111011111110111111111111111, sa_flags=SA_RESTART|SA_SIGINFO
SIGINT: [libjvm.dylib+0x47eb41], sa_mask[0]=11111111011111110111111111111111, sa_flags=SA_RESTART|SA_SIGINFO
SIGTERM: [libjvm.dylib+0x47eb41], sa_mask[0]=11111111011111110111111111111111, sa_flags=SA_RESTART|SA_SIGINFO
SIGQUIT: [libjvm.dylib+0x47eb41], sa_mask[0]=11111111011111110111111111111111, sa_flags=SA_RESTART|SA_SIGINFO


---------------  S Y S T E M  ---------------

OS:Bsduname:Darwin 14.4.0 Darwin Kernel Version 14.4.0: Thu May 28 11:35:04 PDT 2015; root:xnu-2782.30.5~1/RELEASE_X86_64 x86_64
rlimit: STACK 8192k, CORE 0k, NPROC 709, NOFILE 10240, AS infinity
load average:3.35 3.67 4.82

CPU:total 4 (2 cores per cpu, 2 threads per core) family 6 model 58 stepping 9, cmov, cx8, fxsr, mmx, sse, sse2, sse3, ssse3, sse4.1, sse4.2, popcnt, avx, aes, clmul, erms, ht, tsc, tscinvbit, tscinv

Memory: 4k page, physical 8388608k(333084k free)

/proc/meminfo:


vm_info: Java HotSpot(TM) 64-Bit Server VM (25.60-b23) for bsd-amd64 JRE (1.8.0_60-b27), built on Aug  4 2015 10:47:24 by "java_re" with gcc 4.2.1 (Based on Apple Inc. build 5658) (LLVM build 2336.11.00)

time: Mon Dec  7 16:36:04 2015
elapsed time: 35334 seconds (0d 9h 48m 54s)

